1671471509.722684 client started (22625): version 3.2a, socket /tmp/tmux-1000/default, protocol 8
1671471509.722751 on Linux 5.15.79.1-microsoft-standard-WSL2 #1 SMP Wed Nov 23 01:01:46 UTC 2022
1671471509.722755 using libevent 2.1.12-stable (poll); ncurses 6.3
1671471509.722763 flags are 0x10010000
1671471509.722765 socket is /tmp/tmux-1000/default
1671471509.722770 trying connect
1671471509.722814 add peer 0x55bf989473d0: 6 ((nil))
1671471509.722928 sending message 100 to peer 0x55bf989473d0 (4 bytes)
1671471509.722933 sending message 111 to peer 0x55bf989473d0 (8 bytes)
1671471509.722935 sending message 101 to peer 0x55bf989473d0 (16 bytes)
1671471509.722936 sending message 109 to peer 0x55bf989473d0 (4 bytes)
1671471509.722938 sending message 102 to peer 0x55bf989473d0 (11 bytes)
1671471509.722940 sending message 108 to peer 0x55bf989473d0 (25 bytes)
1671471509.722942 sending message 112 to peer 0x55bf989473d0 (70 bytes)
1671471509.722944 sending message 112 to peer 0x55bf989473d0 (5 bytes)
1671471509.722946 sending message 112 to peer 0x55bf989473d0 (5 bytes)
1671471509.722947 sending message 112 to peer 0x55bf989473d0 (6 bytes)
1671471509.722949 sending message 112 to peer 0x55bf989473d0 (6 bytes)
1671471509.722951 sending message 112 to peer 0x55bf989473d0 (11 bytes)
1671471509.722952 sending message 112 to peer 0x55bf989473d0 (10 bytes)
1671471509.722954 sending message 112 to peer 0x55bf989473d0 (13 bytes)
1671471509.722956 sending message 112 to peer 0x55bf989473d0 (13 bytes)
1671471509.722958 sending message 112 to peer 0x55bf989473d0 (18 bytes)
1671471509.722960 sending message 112 to peer 0x55bf989473d0 (11 bytes)
1671471509.722961 sending message 112 to peer 0x55bf989473d0 (21 bytes)
1671471509.722963 sending message 112 to peer 0x55bf989473d0 (13 bytes)
1671471509.722965 sending message 112 to peer 0x55bf989473d0 (7 bytes)
1671471509.722967 sending message 112 to peer 0x55bf989473d0 (13 bytes)
1671471509.722968 sending message 112 to peer 0x55bf989473d0 (7 bytes)
1671471509.722970 sending message 112 to peer 0x55bf989473d0 (13 bytes)
1671471509.722972 sending message 112 to peer 0x55bf989473d0 (9 bytes)
1671471509.722973 sending message 112 to peer 0x55bf989473d0 (21 bytes)
1671471509.722975 sending message 112 to peer 0x55bf989473d0 (13 bytes)
1671471509.722977 sending message 112 to peer 0x55bf989473d0 (8 bytes)
1671471509.722979 sending message 112 to peer 0x55bf989473d0 (12 bytes)
1671471509.722980 sending message 112 to peer 0x55bf989473d0 (13 bytes)
1671471509.722982 sending message 112 to peer 0x55bf989473d0 (9 bytes)
1671471509.722984 sending message 112 to peer 0x55bf989473d0 (9 bytes)
1671471509.722985 sending message 112 to peer 0x55bf989473d0 (12 bytes)
1671471509.722987 sending message 112 to peer 0x55bf989473d0 (8 bytes)
1671471509.722989 sending message 112 to peer 0x55bf989473d0 (7 bytes)
1671471509.722990 sending message 112 to peer 0x55bf989473d0 (7 bytes)
1671471509.722992 sending message 112 to peer 0x55bf989473d0 (9 bytes)
1671471509.722994 sending message 112 to peer 0x55bf989473d0 (13 bytes)
1671471509.722996 sending message 112 to peer 0x55bf989473d0 (9 bytes)
1671471509.722998 sending message 112 to peer 0x55bf989473d0 (15 bytes)
1671471509.723000 sending message 112 to peer 0x55bf989473d0 (13 bytes)
1671471509.723001 sending message 112 to peer 0x55bf989473d0 (12 bytes)
1671471509.723003 sending message 112 to peer 0x55bf989473d0 (8 bytes)
1671471509.723005 sending message 112 to peer 0x55bf989473d0 (14 bytes)
1671471509.723007 sending message 112 to peer 0x55bf989473d0 (9 bytes)
1671471509.723008 sending message 112 to peer 0x55bf989473d0 (10 bytes)
1671471509.723010 sending message 112 to peer 0x55bf989473d0 (10 bytes)
1671471509.723012 sending message 112 to peer 0x55bf989473d0 (10 bytes)
1671471509.723013 sending message 112 to peer 0x55bf989473d0 (10 bytes)
1671471509.723015 sending message 112 to peer 0x55bf989473d0 (11 bytes)
1671471509.723017 sending message 112 to peer 0x55bf989473d0 (10 bytes)
1671471509.723018 sending message 112 to peer 0x55bf989473d0 (8 bytes)
1671471509.723020 sending message 112 to peer 0x55bf989473d0 (11 bytes)
1671471509.723025 sending message 112 to peer 0x55bf989473d0 (11 bytes)
1671471509.723027 sending message 112 to peer 0x55bf989473d0 (11 bytes)
1671471509.723029 sending message 112 to peer 0x55bf989473d0 (8 bytes)
1671471509.723030 sending message 112 to peer 0x55bf989473d0 (8 bytes)
1671471509.723032 sending message 112 to peer 0x55bf989473d0 (8 bytes)
1671471509.723034 sending message 112 to peer 0x55bf989473d0 (10 bytes)
1671471509.723036 sending message 112 to peer 0x55bf989473d0 (10 bytes)
1671471509.723037 sending message 112 to peer 0x55bf989473d0 (10 bytes)
1671471509.723039 sending message 112 to peer 0x55bf989473d0 (10 bytes)
1671471509.723041 sending message 112 to peer 0x55bf989473d0 (10 bytes)
1671471509.723042 sending message 112 to peer 0x55bf989473d0 (11 bytes)
1671471509.723044 sending message 112 to peer 0x55bf989473d0 (11 bytes)
1671471509.723046 sending message 112 to peer 0x55bf989473d0 (10 bytes)
1671471509.723047 sending message 112 to peer 0x55bf989473d0 (9 bytes)
1671471509.723049 sending message 112 to peer 0x55bf989473d0 (9 bytes)
1671471509.723051 sending message 112 to peer 0x55bf989473d0 (12 bytes)
1671471509.723053 sending message 112 to peer 0x55bf989473d0 (9 bytes)
1671471509.723054 sending message 112 to peer 0x55bf989473d0 (6 bytes)
1671471509.723056 sending message 112 to peer 0x55bf989473d0 (13 bytes)
1671471509.723058 sending message 112 to peer 0x55bf989473d0 (8 bytes)
1671471509.723059 sending message 112 to peer 0x55bf989473d0 (15 bytes)
1671471509.723061 sending message 112 to peer 0x55bf989473d0 (13 bytes)
1671471509.723063 sending message 112 to peer 0x55bf989473d0 (70 bytes)
1671471509.723065 sending message 112 to peer 0x55bf989473d0 (69 bytes)
1671471509.723066 sending message 112 to peer 0x55bf989473d0 (10 bytes)
1671471509.723068 sending message 112 to peer 0x55bf989473d0 (8 bytes)
1671471509.723070 sending message 112 to peer 0x55bf989473d0 (15 bytes)
1671471509.723072 sending message 112 to peer 0x55bf989473d0 (13 bytes)
1671471509.723073 sending message 112 to peer 0x55bf989473d0 (10 bytes)
1671471509.723075 sending message 112 to peer 0x55bf989473d0 (10 bytes)
1671471509.723077 sending message 112 to peer 0x55bf989473d0 (5 bytes)
1671471509.723078 sending message 112 to peer 0x55bf989473d0 (15 bytes)
1671471509.723080 sending message 104 to peer 0x55bf989473d0 (0 bytes)
1671471509.723082 sending message 110 to peer 0x55bf989473d0 (0 bytes)
1671471509.723084 sending message 107 to peer 0x55bf989473d0 (4 bytes)
1671471509.723086 sending message 105 to peer 0x55bf989473d0 (11 bytes)
1671471509.723088 sending message 105 to peer 0x55bf989473d0 (17 bytes)
1671471509.723090 sending message 105 to peer 0x55bf989473d0 (16 bytes)
1671471509.723091 sending message 105 to peer 0x55bf989473d0 (13 bytes)
1671471509.723093 sending message 105 to peer 0x55bf989473d0 (14 bytes)
1671471509.723095 sending message 105 to peer 0x55bf989473d0 (15 bytes)
1671471509.723096 sending message 105 to peer 0x55bf989473d0 (32 bytes)
1671471509.723098 sending message 105 to peer 0x55bf989473d0 (1557 bytes)
1671471509.723106 sending message 105 to peer 0x55bf989473d0 (35 bytes)
1671471509.723109 sending message 105 to peer 0x55bf989473d0 (29 bytes)
1671471509.723110 sending message 105 to peer 0x55bf989473d0 (19 bytes)
1671471509.723112 sending message 105 to peer 0x55bf989473d0 (8 bytes)
1671471509.723114 sending message 105 to peer 0x55bf989473d0 (21 bytes)
1671471509.723116 sending message 105 to peer 0x55bf989473d0 (18 bytes)
1671471509.723117 sending message 105 to peer 0x55bf989473d0 (26 bytes)
1671471509.723119 sending message 105 to peer 0x55bf989473d0 (34 bytes)
1671471509.723121 sending message 105 to peer 0x55bf989473d0 (13 bytes)
1671471509.723122 sending message 105 to peer 0x55bf989473d0 (52 bytes)
1671471509.723124 sending message 105 to peer 0x55bf989473d0 (11 bytes)
1671471509.723126 sending message 105 to peer 0x55bf989473d0 (26 bytes)
1671471509.723128 sending message 105 to peer 0x55bf989473d0 (24 bytes)
1671471509.723129 sending message 105 to peer 0x55bf989473d0 (33 bytes)
1671471509.723134 sending message 105 to peer 0x55bf989473d0 (23 bytes)
1671471509.723136 sending message 105 to peer 0x55bf989473d0 (33 bytes)
1671471509.723138 sending message 105 to peer 0x55bf989473d0 (53 bytes)
1671471509.723140 sending message 105 to peer 0x55bf989473d0 (48 bytes)
1671471509.723141 sending message 105 to peer 0x55bf989473d0 (38 bytes)
1671471509.723143 sending message 105 to peer 0x55bf989473d0 (16 bytes)
1671471509.723145 sending message 105 to peer 0x55bf989473d0 (12 bytes)
1671471509.723146 sending message 105 to peer 0x55bf989473d0 (20 bytes)
1671471509.723148 sending message 105 to peer 0x55bf989473d0 (27 bytes)
1671471509.723150 sending message 105 to peer 0x55bf989473d0 (11 bytes)
1671471509.723152 sending message 105 to peer 0x55bf989473d0 (8 bytes)
1671471509.723153 sending message 105 to peer 0x55bf989473d0 (32 bytes)
1671471509.723155 sending message 105 to peer 0x55bf989473d0 (1519 bytes)
1671471509.723158 sending message 105 to peer 0x55bf989473d0 (10 bytes)
1671471509.723160 sending message 105 to peer 0x55bf989473d0 (37 bytes)
1671471509.723162 sending message 105 to peer 0x55bf989473d0 (52 bytes)
1671471509.723164 sending message 105 to peer 0x55bf989473d0 (29 bytes)
1671471509.723165 sending message 106 to peer 0x55bf989473d0 (0 bytes)
1671471509.723168 sending message 200 to peer 0x55bf989473d0 (4 bytes)
1671471509.723170 client loop enter
1671471509.723451 peer 0x55bf989473d0 message 303
1671471509.723456 open write file 2 -
1671471509.723460 sending message 305 to peer 0x55bf989473d0 (8 bytes)
1671471509.723465 write check file 2
1671471509.723564 peer 0x55bf989473d0 message 304
1671471509.723568 write 58 to file 2
1671471509.723571 peer 0x55bf989473d0 message 203
1671471509.723573 file 2 58 bytes left
1671471509.723611 write check file 2
1671471509.723616 client loop exit
